Flow report for pcihello
Tue Mar 12 15:03:13 2024
Quartus Prime Version 23.1std.0 Build 991 11/28/2023 SC Lite Edition


---------------------
; Table of Contents ;
---------------------
  1. Legal Notice
  2. Flow Summary
  3. Flow Settings
  4. Flow Non-Default Global Settings
  5. Flow Elapsed Time
  6. Flow OS Summary
  7. Flow Log
  8. Flow Messages
  9. Flow Suppressed Messages



----------------
; Legal Notice ;
----------------
Copyright (C) 2023  Intel Corporation. All rights reserved.
Your use of Intel Corporation's design tools, logic functions 
and other software and tools, and any partner logic 
functions, and any output files from any of the foregoing 
(including device programming or simulation files), and any 
associated documentation or information are expressly subject 
to the terms and conditions of the Intel Program License 
Subscription Agreement, the Intel Quartus Prime License Agreement,
the Intel FPGA IP License Agreement, or other applicable license
agreement, including, without limitation, that your use is for
the sole purpose of programming logic devices manufactured by
Intel and sold by Intel or its authorized distributors.  Please
refer to the applicable agreement for further details, at
https://fpgasoftware.intel.com/eula.



+-------------------------------------------------------------------------------------+
; Flow Summary                                                                        ;
+------------------------------------+------------------------------------------------+
; Flow Status                        ; Successful - Tue Mar 12 15:03:00 2024          ;
; Quartus Prime Version              ; 23.1std.0 Build 991 11/28/2023 SC Lite Edition ;
; Revision Name                      ; pcihello                                       ;
; Top-level Entity Name              ; pcihello                                       ;
; Family                             ; Cyclone IV GX                                  ;
; Device                             ; EP4CGX150DF31C7                                ;
; Timing Models                      ; Final                                          ;
; Total logic elements               ; 6,743 / 149,760 ( 5 % )                        ;
;     Total combinational functions  ; 5,833 / 149,760 ( 4 % )                        ;
;     Dedicated logic registers      ; 4,138 / 149,760 ( 3 % )                        ;
; Total registers                    ; 4138                                           ;
; Total pins                         ; 119 / 508 ( 23 % )                             ;
; Total virtual pins                 ; 0                                              ;
; Total memory bits                  ; 54,656 / 6,635,520 ( < 1 % )                   ;
; Embedded Multiplier 9-bit elements ; 0 / 720 ( 0 % )                                ;
; Total GXB Receiver Channel PCS     ; 1 / 8 ( 13 % )                                 ;
; Total GXB Receiver Channel PMA     ; 1 / 8 ( 13 % )                                 ;
; Total GXB Transmitter Channel PCS  ; 1 / 8 ( 13 % )                                 ;
; Total GXB Transmitter Channel PMA  ; 1 / 8 ( 13 % )                                 ;
; Total PLLs                         ; 1 / 8 ( 13 % )                                 ;
+------------------------------------+------------------------------------------------+


+-----------------------------------------+
; Flow Settings                           ;
+-------------------+---------------------+
; Option            ; Setting             ;
+-------------------+---------------------+
; Start date & time ; 03/12/2024 14:58:09 ;
; Main task         ; Compilation         ;
; Revision Name     ; pcihello            ;
+-------------------+---------------------+


+--------------------------------------------------------------------------------------------------------------------------------------------------+
; Flow Non-Default Global Settings                                                                                                                 ;
+-------------------------------------+----------------------------------------------------------------+---------------+--------------+------------+
; Assignment Name                     ; Value                                                          ; Default Value ; Entity Name  ; Section Id ;
+-------------------------------------+----------------------------------------------------------------+---------------+--------------+------------+
; COMPILER_SIGNATURE_ID               ; 80094977623501.171026628806995                                 ; --            ; --           ; --         ;
; MAX_CORE_JUNCTION_TEMP              ; 85                                                             ; --            ; --           ; --         ;
; MIN_CORE_JUNCTION_TEMP              ; 0                                                              ; --            ; --           ; --         ;
; MISC_FILE                           ; pcihellocore/synthesis/../pcihellocore.cmp                     ; --            ; --           ; --         ;
; MISC_FILE                           ; pcihellocore/synthesis/../../pcihellocore.qsys                 ; --            ; --           ; --         ;
; PARTITION_COLOR                     ; -- (Not supported for targeted family)                         ; --            ; --           ; Top        ;
; PARTITION_FITTER_PRESERVATION_LEVEL ; -- (Not supported for targeted family)                         ; --            ; --           ; Top        ;
; PARTITION_NETLIST_TYPE              ; -- (Not supported for targeted family)                         ; --            ; --           ; Top        ;
; POWER_BOARD_THERMAL_MODEL           ; None (CONSERVATIVE)                                            ; --            ; --           ; --         ;
; POWER_PRESET_COOLING_SOLUTION       ; 23 MM HEAT SINK WITH 200 LFPM AIRFLOW                          ; --            ; --           ; --         ;
; SEARCH_PATH                         ; db/ip/pcihellocore/                                            ; --            ; --           ; --         ;
; SEARCH_PATH                         ; db/ip/pcihellocore/submodules/                                 ; --            ; --           ; --         ;
; SEARCH_PATH                         ; pcihellocore/synthesis/                                        ; --            ; --           ; --         ;
; SEARCH_PATH                         ; pcihellocore/synthesis/submodules/                             ; --            ; --           ; --         ;
; SLD_FILE                            ; pcihellocore/synthesis/pcihellocore.regmap                     ; --            ; --           ; --         ;
; SLD_FILE                            ; pcihellocore/synthesis/pcihellocore.debuginfo                  ; --            ; --           ; --         ;
; SLD_INFO                            ; QSYS_NAME pcihellocore HAS_SOPCINFO 1 GENERATION_ID 1710265808 ; --            ; pcihellocore ; --         ;
; SOPCINFO_FILE                       ; pcihellocore/synthesis/../../pcihellocore.sopcinfo             ; --            ; --           ; --         ;
; SYNTHESIS_ONLY_QIP                  ; On                                                             ; --            ; --           ; --         ;
+-------------------------------------+----------------------------------------------------------------+---------------+--------------+------------+


+--------------------------------------------------------------------------------------------------------------------------+
; Flow Elapsed Time                                                                                                        ;
+----------------------+--------------+-------------------------+---------------------+------------------------------------+
; Module Name          ; Elapsed Time ; Average Processors Used ; Peak Virtual Memory ; Total CPU Time (on all processors) ;
+----------------------+--------------+-------------------------+---------------------+------------------------------------+
; Analysis & Synthesis ; 00:02:38     ; 1.0                     ; 671 MB              ; 00:04:12                           ;
; Fitter               ; 00:01:44     ; 1.0                     ; 1401 MB             ; 00:02:17                           ;
; Assembler            ; 00:00:13     ; 1.0                     ; 489 MB              ; 00:00:12                           ;
; Timing Analyzer      ; 00:00:11     ; 1.3                     ; 731 MB              ; 00:00:12                           ;
; Total                ; 00:04:46     ; --                      ; --                  ; 00:06:53                           ;
+----------------------+--------------+-------------------------+---------------------+------------------------------------+


+----------------------------------------------------------------------------------------+
; Flow OS Summary                                                                        ;
+----------------------+------------------+----------------+------------+----------------+
; Module Name          ; Machine Hostname ; OS Name        ; OS Version ; Processor type ;
+----------------------+------------------+----------------+------------+----------------+
; Analysis & Synthesis ; mrpanda-PC311    ; Ubuntu 22.04.4 ; 22         ; x86_64         ;
; Fitter               ; mrpanda-PC311    ; Ubuntu 22.04.4 ; 22         ; x86_64         ;
; Assembler            ; mrpanda-PC311    ; Ubuntu 22.04.4 ; 22         ; x86_64         ;
; Timing Analyzer      ; mrpanda-PC311    ; Ubuntu 22.04.4 ; 22         ; x86_64         ;
+----------------------+------------------+----------------+------------+----------------+


------------
; Flow Log ;
------------
quartus_map --read_settings_files=on --write_settings_files=off pcihello -c pcihello
quartus_fit --read_settings_files=off --write_settings_files=off pcihello -c pcihello
quartus_asm --read_settings_files=off --write_settings_files=off pcihello -c pcihello
quartus_sta pcihello -c pcihello



